<?xml version="1.0" encoding="UTF-8"?>
<!-- Generated by org.testng.reporters.JUnitReportReporter -->
<testsuite hostname="DESKTOP-S1Q52PL" failures="0" tests="1" name="TestCasefolder.Para_TC002" time="14.353" errors="0" timestamp="2023-07-05T11:07:37 IST" skipped="0">
  <testcase classname="TestCasefolder.Para_TC002" name="TestRegister" time="14.353"/>
  <system-out/>
</testsuite> <!-- TestCasefolder.Para_TC002 -->
